2022-12-10 12:24:12,439 [INFO] com.cropfield.project.CropfieldApplication[1.] [restartedMain]Starting CropfieldApplication using Java 17.0.4.1 on INLEN8520051861 with PID 21712 (C:\Capgemini\workspace\agriculture\cropfield\target\classes started by avmallik in C:\Capgemini\workspace\agriculture\cropfield)
2022-12-10 12:24:12,451 [DEBUG] com.cropfield.project.CropfieldApplication[1.] [restartedMain]Running with Spring Boot v2.7.5, Spring v5.3.23
2022-12-10 12:24:12,452 [INFO] com.cropfield.project.CropfieldApplication[1.] [restartedMain]No active profile set, falling back to 1 default profile: "default"
2022-12-10 12:24:12,521 [INFO] org.springframework.boot.devtools.env.DevToolsPropertyDefaultsPostProcessor[1.] [restartedMain]Devtools property defaults active! Set 'spring.devtools.add-properties' to 'false' to disable
2022-12-10 12:24:12,523 [INFO] org.springframework.boot.devtools.env.DevToolsPropertyDefaultsPostProcessor[1.] [restartedMain]For additional web related logging consider setting the 'logging.level.web' property to 'DEBUG'
2022-12-10 12:24:13,576 [INFO] org.springframework.data.repository.config.RepositoryConfigurationDelegate[1.] [restartedMain]Bootstrapping Spring Data MongoDB repositories in DEFAULT mode.
2022-12-10 12:24:13,754 [INFO] org.springframework.data.repository.config.RepositoryConfigurationDelegate[1.] [restartedMain]Finished Spring Data repository scanning in 172 ms. Found 1 MongoDB repository interfaces.
2022-12-10 12:24:14,028 [INFO] org.springframework.cloud.context.scope.GenericScope[1.] [restartedMain]BeanFactory id=d474f0f0-4ba8-37d1-8ecc-3212312b72ef
2022-12-10 12:24:14,690 [INFO] org.springframework.boot.web.embedded.tomcat.TomcatWebServer[1.] [restartedMain]Tomcat initialized with port(s): 8535 (http)
2022-12-10 12:24:14,702 [INFO] org.apache.catalina.core.StandardService[1.] [restartedMain]Starting service [Tomcat]
2022-12-10 12:24:14,702 [INFO] org.apache.catalina.core.StandardEngine[1.] [restartedMain]Starting Servlet engine: [Apache Tomcat/9.0.68]
2022-12-10 12:24:14,862 [INFO] org.apache.catalina.core.ContainerBase.[Tomcat].[localhost].[/][1.] [restartedMain]Initializing Spring embedded WebApplicationContext
2022-12-10 12:24:14,862 [INFO] org.springframework.boot.web.servlet.context.ServletWebServerApplicationContext[1.] [restartedMain]Root WebApplicationContext: initialization completed in 2339 ms
2022-12-10 12:24:15,109 [INFO] org.mongodb.driver.client[1.] [restartedMain]MongoClient with metadata {"driver": {"name": "mongo-java-driver|sync|spring-boot", "version": "4.6.1"}, "os": {"type": "Windows", "name": "Windows 11", "architecture": "amd64", "version": "10.0"}, "platform": "Java/Eclipse Adoptium/17.0.4.1+1"} created with settings MongoClientSettings{readPreference=primary, writeConcern=WriteConcern{w=null, wTimeout=null ms, journal=null}, retryWrites=true, retryReads=true, readConcern=ReadConcern{level=null}, credential=null, streamFactoryFactory=null, commandListeners=[], codecRegistry=ProvidersCodecRegistry{codecProviders=[ValueCodecProvider{}, BsonValueCodecProvider{}, DBRefCodecProvider{}, DBObjectCodecProvider{}, DocumentCodecProvider{}, IterableCodecProvider{}, MapCodecProvider{}, GeoJsonCodecProvider{}, GridFSFileCodecProvider{}, Jsr310CodecProvider{}, JsonObjectCodecProvider{}, BsonCodecProvider{}, EnumCodecProvider{}, com.mongodb.Jep395RecordCodecProvider@1c05c50f]}, clusterSettings={hosts=[localhost:27017], srvServiceName=mongodb, mode=SINGLE, requiredClusterType=UNKNOWN, requiredReplicaSetName='null', serverSelector='null', clusterListeners='[]', serverSelectionTimeout='30000 ms', localThreshold='30000 ms'}, socketSettings=SocketSettings{connectTimeoutMS=10000, readTimeoutMS=0, receiveBufferSize=0, sendBufferSize=0}, heartbeatSocketSettings=SocketSettings{connectTimeoutMS=10000, readTimeoutMS=10000, receiveBufferSize=0, sendBufferSize=0}, connectionPoolSettings=ConnectionPoolSettings{maxSize=100, minSize=0, maxWaitTimeMS=120000, maxConnectionLifeTimeMS=0, maxConnectionIdleTimeMS=0, maintenanceInitialDelayMS=0, maintenanceFrequencyMS=60000, connectionPoolListeners=[], maxConnecting=2}, serverSettings=ServerSettings{heartbeatFrequencyMS=10000, minHeartbeatFrequencyMS=500, serverListeners='[]', serverMonitorListeners='[]'}, sslSettings=SslSettings{enabled=false, invalidHostNameAllowed=false, context=null}, applicationName='null', compressorList=[], uuidRepresentation=JAVA_LEGACY, serverApi=null, autoEncryptionSettings=null, contextProvider=null}
2022-12-10 12:24:15,128 [INFO] org.mongodb.driver.connection[1.] [cluster-ClusterId{value='63942d17defd6b4337c68c77', description='null'}-localhost:27017]Opened connection [connectionId{localValue:1, serverValue:14}] to localhost:27017
2022-12-10 12:24:15,128 [INFO] org.mongodb.driver.connection[1.] [cluster-rtt-ClusterId{value='63942d17defd6b4337c68c77', description='null'}-localhost:27017]Opened connection [connectionId{localValue:2, serverValue:15}] to localhost:27017
2022-12-10 12:24:15,129 [INFO] org.mongodb.driver.cluster[1.] [cluster-ClusterId{value='63942d17defd6b4337c68c77', description='null'}-localhost:27017]Monitor thread successfully connected to server with description ServerDescription{address=localhost:27017, type=STANDALONE, state=CONNECTED, ok=true, minWireVersion=0, maxWireVersion=8, maxDocumentSize=16777216, logicalSessionTimeoutMinutes=30, roundTripTimeNanos=28333500}
2022-12-10 12:24:15,200 [WARN] org.springframework.data.convert.CustomConversions[1.] [restartedMain]Registering converter from class java.time.LocalDateTime to class org.joda.time.LocalDateTime as reading converter although it doesn't convert from a store-supported type; You might want to check your annotation setup at the converter implementation
2022-12-10 12:24:15,371 [WARN] org.springframework.boot.devtools.autoconfigure.OptionalLiveReloadServer[1.] [restartedMain]Unable to start LiveReload server
2022-12-10 12:24:15,455 [WARN] org.springframework.data.convert.CustomConversions[1.] [restartedMain]Registering converter from class java.time.LocalDateTime to class org.joda.time.LocalDateTime as reading converter although it doesn't convert from a store-supported type; You might want to check your annotation setup at the converter implementation
2022-12-10 12:24:16,142 [INFO] springfox.documentation.spring.web.PropertySourcedRequestMappingHandlerMapping[1.] [restartedMain]Mapped URL path [/v2/api-docs] onto method [springfox.documentation.swagger2.web.Swagger2Controller#getDocumentation(String, HttpServletRequest)]
2022-12-10 12:24:16,630 [INFO] org.springframework.cloud.netflix.eureka.config.DiscoveryClientOptionalArgsConfiguration[1.] [restartedMain]Eureka HTTP Client uses RestTemplate.
2022-12-10 12:24:16,929 [WARN] org.springframework.cloud.loadbalancer.config.LoadBalancerCacheAutoConfiguration$LoadBalancerCaffeineWarnLogger[1.] [restartedMain]Spring Cloud LoadBalancer is currently working with the default cache. While this cache implementation is useful for development and tests, it's recommended to use Caffeine cache in production.You can switch to using Caffeine cache, by adding it and org.springframework.cache.caffeine.CaffeineCacheManager to the classpath.
2022-12-10 12:24:17,002 [INFO] org.springframework.cloud.netflix.eureka.InstanceInfoFactory[1.] [restartedMain]Setting initial instance status as: STARTING
2022-12-10 12:24:17,075 [INFO] com.netflix.discovery.DiscoveryClient[1.] [restartedMain]Initializing Eureka in region us-east-1
2022-12-10 12:24:17,084 [INFO] com.netflix.discovery.shared.resolver.aws.ConfigClusterResolver[1.] [restartedMain]Resolving eureka endpoints via configuration
2022-12-10 12:24:17,111 [INFO] com.netflix.discovery.DiscoveryClient[1.] [restartedMain]Disable delta property : false
2022-12-10 12:24:17,112 [INFO] com.netflix.discovery.DiscoveryClient[1.] [restartedMain]Single vip registry refresh property : null
2022-12-10 12:24:17,112 [INFO] com.netflix.discovery.DiscoveryClient[1.] [restartedMain]Force full registry fetch : false
2022-12-10 12:24:17,112 [INFO] com.netflix.discovery.DiscoveryClient[1.] [restartedMain]Application is null : false
2022-12-10 12:24:17,112 [INFO] com.netflix.discovery.DiscoveryClient[1.] [restartedMain]Registered Applications size is zero : true
2022-12-10 12:24:17,112 [INFO] com.netflix.discovery.DiscoveryClient[1.] [restartedMain]Application version is -1: true
2022-12-10 12:24:17,113 [INFO] com.netflix.discovery.DiscoveryClient[1.] [restartedMain]Getting all instance registry info from the eureka server
2022-12-10 12:24:17,658 [INFO] com.netflix.discovery.DiscoveryClient[1.] [restartedMain]The response status is 200
2022-12-10 12:24:17,660 [INFO] com.netflix.discovery.DiscoveryClient[1.] [restartedMain]Starting heartbeat executor: renew interval is: 30
2022-12-10 12:24:17,664 [INFO] com.netflix.discovery.InstanceInfoReplicator[1.] [restartedMain]InstanceInfoReplicator onDemand update allowed rate per min is 4
2022-12-10 12:24:17,670 [INFO] com.netflix.discovery.DiscoveryClient[1.] [restartedMain]Discovery Client initialized at timestamp 1670655257669 with initial instances count: 0
2022-12-10 12:24:17,672 [INFO] org.springframework.cloud.netflix.eureka.serviceregistry.EurekaServiceRegistry[1.] [restartedMain]Registering application CROPPRODUCT with eureka with status UP
2022-12-10 12:24:17,673 [INFO] com.netflix.discovery.DiscoveryClient[1.] [restartedMain]Saw local status change event StatusChangeEvent [timestamp=1670655257673, current=UP, previous=STARTING]
2022-12-10 12:24:17,676 [INFO] com.netflix.discovery.DiscoveryClient[1.] [DiscoveryClient-InstanceInfoReplicator-0]DiscoveryClient_CROPPRODUCT/INLEN8520051861.corp.capgemini.com:CropProduct:8535: registering service...
2022-12-10 12:24:17,714 [INFO] org.springframework.boot.web.embedded.tomcat.TomcatWebServer[1.] [restartedMain]Tomcat started on port(s): 8535 (http) with context path ''
2022-12-10 12:24:17,715 [INFO] org.springframework.cloud.netflix.eureka.serviceregistry.EurekaAutoServiceRegistration[1.] [restartedMain]Updating port to 8535
2022-12-10 12:24:17,826 [INFO] com.netflix.discovery.DiscoveryClient[1.] [DiscoveryClient-InstanceInfoReplicator-0]DiscoveryClient_CROPPRODUCT/INLEN8520051861.corp.capgemini.com:CropProduct:8535 - registration status: 204
2022-12-10 12:24:17,943 [INFO] springfox.documentation.spring.web.plugins.DocumentationPluginsBootstrapper[1.] [restartedMain]Context refreshed
2022-12-10 12:24:17,964 [INFO] springfox.documentation.spring.web.plugins.DocumentationPluginsBootstrapper[1.] [restartedMain]Found 1 custom documentation plugin(s)
2022-12-10 12:24:18,013 [INFO] springfox.documentation.spring.web.scanners.ApiListingReferenceScanner[1.] [restartedMain]Scanning for api listing references
2022-12-10 12:24:18,150 [INFO] com.cropfield.project.CropfieldApplication[1.] [restartedMain]Started CropfieldApplication in 6.436 seconds (JVM running for 7.511)
2022-12-10 12:24:47,676 [INFO] com.netflix.discovery.DiscoveryClient[1.] [DiscoveryClient-CacheRefreshExecutor-0]Disable delta property : false
2022-12-10 12:24:47,677 [INFO] com.netflix.discovery.DiscoveryClient[1.] [DiscoveryClient-CacheRefreshExecutor-0]Single vip registry refresh property : null
2022-12-10 12:24:47,677 [INFO] com.netflix.discovery.DiscoveryClient[1.] [DiscoveryClient-CacheRefreshExecutor-0]Force full registry fetch : false
2022-12-10 12:24:47,677 [INFO] com.netflix.discovery.DiscoveryClient[1.] [DiscoveryClient-CacheRefreshExecutor-0]Application is null : false
2022-12-10 12:24:47,677 [INFO] com.netflix.discovery.DiscoveryClient[1.] [DiscoveryClient-CacheRefreshExecutor-0]Registered Applications size is zero : true
2022-12-10 12:24:47,677 [INFO] com.netflix.discovery.DiscoveryClient[1.] [DiscoveryClient-CacheRefreshExecutor-0]Application version is -1: false
2022-12-10 12:24:47,677 [INFO] com.netflix.discovery.DiscoveryClient[1.] [DiscoveryClient-CacheRefreshExecutor-0]Getting all instance registry info from the eureka server
2022-12-10 12:24:47,692 [INFO] com.netflix.discovery.DiscoveryClient[1.] [DiscoveryClient-CacheRefreshExecutor-0]The response status is 200
2022-12-10 12:29:02,417 [INFO] org.apache.catalina.core.ContainerBase.[Tomcat].[localhost].[/][1.] [http-nio-8535-exec-1]Initializing Spring DispatcherServlet 'dispatcherServlet'
2022-12-10 12:29:02,417 [INFO] org.springframework.web.servlet.DispatcherServlet[1.] [http-nio-8535-exec-1]Initializing Servlet 'dispatcherServlet'
2022-12-10 12:29:02,417 [INFO] org.springframework.web.servlet.DispatcherServlet[1.] [http-nio-8535-exec-1]Completed initialization in 0 ms
2022-12-10 12:29:02,475 [INFO] com.cropfield.project.controller.CropController[1.] [http-nio-8535-exec-1]Your are inside of getAll controller method
2022-12-10 12:29:02,475 [INFO] com.cropfield.project.service.CropServiceImpl[1.] [http-nio-8535-exec-1]cursor pointor is inside of getAllCropDetails service method
2022-12-10 12:29:02,594 [INFO] org.mongodb.driver.connection[1.] [http-nio-8535-exec-1]Opened connection [connectionId{localValue:3, serverValue:19}] to localhost:27017
2022-12-10 12:29:02,736 [INFO] com.cropfield.project.service.CropServiceImpl[1.] [http-nio-8535-exec-1]cropDetails list returns successfully 
2022-12-10 12:29:17,128 [INFO] com.netflix.discovery.shared.resolver.aws.ConfigClusterResolver[1.] [AsyncResolver-bootstrap-executor-0]Resolving eureka endpoints via configuration
2022-12-10 12:29:24,933 [INFO] com.cropfield.project.controller.CropController[1.] [http-nio-8535-exec-2]you are inside of getListByuser controller method
2022-12-10 12:29:24,933 [INFO] com.cropfield.project.service.CropServiceImpl[1.] [http-nio-8535-exec-2]cursor pointor is inside of getbyuserId service method
2022-12-10 12:29:24,987 [INFO] com.cropfield.project.service.CropServiceImpl[1.] [http-nio-8535-exec-2]user crop details list returned ...
2022-12-10 12:30:00,807 [INFO] com.cropfield.project.controller.CropController[1.] [http-nio-8535-exec-3]Your are inside of viewByType controller method
2022-12-10 12:30:00,807 [INFO] com.cropfield.project.service.CropServiceImpl[1.] [http-nio-8535-exec-3]cursor pointor is inside of getCropbyType service method
2022-12-10 12:30:00,820 [INFO] com.cropfield.project.service.CropServiceImpl[1.] [http-nio-8535-exec-3]list of crop type deatils is returned...
2022-12-10 12:30:25,809 [INFO] com.cropfield.project.controller.CropController[1.] [http-nio-8535-exec-4]you are inside of viewByname controller method
2022-12-10 12:30:25,814 [INFO] com.cropfield.project.service.CropServiceImpl[1.] [http-nio-8535-exec-4]cursor pointor is inside of getbyCropName service method
2022-12-10 12:30:25,820 [INFO] com.cropfield.project.service.CropServiceImpl[1.] [http-nio-8535-exec-4]list of cropby name is returned ...
2022-12-10 12:30:50,193 [INFO] com.cropfield.project.controller.CropController[1.] [http-nio-8535-exec-6]you are inside of getListByuser controller method
2022-12-10 12:30:50,194 [INFO] com.cropfield.project.service.CropServiceImpl[1.] [http-nio-8535-exec-6]cursor pointor is inside of getbyuserId service method
2022-12-10 12:30:50,204 [INFO] com.cropfield.project.service.CropServiceImpl[1.] [http-nio-8535-exec-6]user crop details list returned ...
2022-12-10 12:31:12,031 [INFO] com.cropfield.project.controller.CropController[1.] [http-nio-8535-exec-9]you are inside of getListByuser controller method
2022-12-10 12:31:12,032 [INFO] com.cropfield.project.service.CropServiceImpl[1.] [http-nio-8535-exec-9]cursor pointor is inside of getbyuserId service method
2022-12-10 12:31:12,041 [INFO] com.cropfield.project.service.CropServiceImpl[1.] [http-nio-8535-exec-9]user crop details list returned ...
2022-12-10 12:34:17,143 [INFO] com.netflix.discovery.shared.resolver.aws.ConfigClusterResolver[1.] [AsyncResolver-bootstrap-executor-0]Resolving eureka endpoints via configuration
2022-12-10 12:39:17,145 [INFO] com.netflix.discovery.shared.resolver.aws.ConfigClusterResolver[1.] [AsyncResolver-bootstrap-executor-0]Resolving eureka endpoints via configuration
2022-12-10 12:44:17,159 [INFO] com.netflix.discovery.shared.resolver.aws.ConfigClusterResolver[1.] [AsyncResolver-bootstrap-executor-0]Resolving eureka endpoints via configuration
2022-12-10 12:49:17,166 [INFO] com.netflix.discovery.shared.resolver.aws.ConfigClusterResolver[1.] [AsyncResolver-bootstrap-executor-0]Resolving eureka endpoints via configuration
2022-12-10 12:54:17,170 [INFO] com.netflix.discovery.shared.resolver.aws.ConfigClusterResolver[1.] [AsyncResolver-bootstrap-executor-0]Resolving eureka endpoints via configuration
2022-12-10 12:59:17,167 [INFO] com.netflix.discovery.shared.resolver.aws.ConfigClusterResolver[1.] [AsyncResolver-bootstrap-executor-0]Resolving eureka endpoints via configuration
2022-12-10 13:04:17,170 [INFO] com.netflix.discovery.shared.resolver.aws.ConfigClusterResolver[1.] [AsyncResolver-bootstrap-executor-0]Resolving eureka endpoints via configuration
2022-12-10 13:09:17,173 [INFO] com.netflix.discovery.shared.resolver.aws.ConfigClusterResolver[1.] [AsyncResolver-bootstrap-executor-0]Resolving eureka endpoints via configuration
2022-12-10 13:13:08,340 [INFO] org.springframework.boot.devtools.autoconfigure.LocalDevToolsAutoConfiguration$RestartingClassPathChangeChangedEventListener[1.] [File Watcher]Restarting due to 1 class path change (1 addition, 0 deletions, 0 modifications)
2022-12-10 13:13:08,343 [INFO] org.springframework.cloud.netflix.eureka.serviceregistry.EurekaServiceRegistry[1.] [Thread-1]Unregistering application CROPPRODUCT with eureka with status DOWN
2022-12-10 13:13:08,343 [INFO] com.netflix.discovery.DiscoveryClient[1.] [Thread-1]Saw local status change event StatusChangeEvent [timestamp=1670658188343, current=DOWN, previous=UP]
2022-12-10 13:13:08,344 [INFO] com.netflix.discovery.DiscoveryClient[1.] [DiscoveryClient-InstanceInfoReplicator-0]DiscoveryClient_CROPPRODUCT/INLEN8520051861.corp.capgemini.com:CropProduct:8535: registering service...
2022-12-10 13:13:08,353 [INFO] com.netflix.discovery.DiscoveryClient[1.] [DiscoveryClient-InstanceInfoReplicator-0]DiscoveryClient_CROPPRODUCT/INLEN8520051861.corp.capgemini.com:CropProduct:8535 - registration status: 204
2022-12-10 13:13:08,360 [INFO] org.apache.catalina.core.StandardService[1.] [Thread-1]Stopping service [Tomcat]
2022-12-10 13:13:08,364 [INFO] org.apache.catalina.core.ContainerBase.[Tomcat].[localhost].[/][1.] [Thread-1]Destroying Spring FrameworkServlet 'dispatcherServlet'
2022-12-10 13:13:08,381 [INFO] com.netflix.discovery.DiscoveryClient[1.] [Thread-1]Shutting down DiscoveryClient ...
2022-12-10 13:13:11,390 [INFO] com.netflix.discovery.DiscoveryClient[1.] [Thread-1]Unregistering ...
2022-12-10 13:13:11,396 [INFO] com.netflix.discovery.DiscoveryClient[1.] [Thread-1]DiscoveryClient_CROPPRODUCT/INLEN8520051861.corp.capgemini.com:CropProduct:8535 - deregister  status: 200
2022-12-10 13:13:11,400 [INFO] com.netflix.discovery.DiscoveryClient[1.] [Thread-1]Completed shut down of DiscoveryClient
2022-12-10 13:13:29,396 [INFO] com.cropfield.project.CropfieldApplication[1.] [restartedMain]Starting CropfieldApplication using Java 17.0.4.1 on INLEN8520051861 with PID 21712 (C:\Capgemini\workspace\agriculture\cropfield\target\classes started by avmallik in C:\Capgemini\workspace\agriculture\cropfield)
2022-12-10 13:13:29,396 [DEBUG] com.cropfield.project.CropfieldApplication[1.] [restartedMain]Running with Spring Boot v2.7.5, Spring v5.3.23
2022-12-10 13:13:29,396 [INFO] com.cropfield.project.CropfieldApplication[1.] [restartedMain]No active profile set, falling back to 1 default profile: "default"
2022-12-10 13:13:29,605 [INFO] org.springframework.data.repository.config.RepositoryConfigurationDelegate[1.] [restartedMain]Bootstrapping Spring Data MongoDB repositories in DEFAULT mode.
2022-12-10 13:13:29,613 [INFO] org.springframework.data.repository.config.RepositoryConfigurationDelegate[1.] [restartedMain]Finished Spring Data repository scanning in 7 ms. Found 1 MongoDB repository interfaces.
2022-12-10 13:13:29,651 [INFO] org.springframework.cloud.context.scope.GenericScope[1.] [restartedMain]BeanFactory id=d474f0f0-4ba8-37d1-8ecc-3212312b72ef
2022-12-10 13:13:29,688 [INFO] org.springframework.boot.web.embedded.tomcat.TomcatWebServer[1.] [restartedMain]Tomcat initialized with port(s): 8535 (http)
2022-12-10 13:13:29,689 [INFO] org.apache.catalina.core.StandardService[1.] [restartedMain]Starting service [Tomcat]
2022-12-10 13:13:29,689 [INFO] org.apache.catalina.core.StandardEngine[1.] [restartedMain]Starting Servlet engine: [Apache Tomcat/9.0.68]
2022-12-10 13:13:29,720 [INFO] org.apache.catalina.core.ContainerBase.[Tomcat].[localhost].[/][1.] [restartedMain]Initializing Spring embedded WebApplicationContext
2022-12-10 13:13:29,720 [INFO] org.springframework.boot.web.servlet.context.ServletWebServerApplicationContext[1.] [restartedMain]Root WebApplicationContext: initialization completed in 322 ms
2022-12-10 13:13:29,735 [INFO] org.mongodb.driver.client[1.] [restartedMain]MongoClient with metadata {"driver": {"name": "mongo-java-driver|sync|spring-boot", "version": "4.6.1"}, "os": {"type": "Windows", "name": "Windows 11", "architecture": "amd64", "version": "10.0"}, "platform": "Java/Eclipse Adoptium/17.0.4.1+1"} created with settings MongoClientSettings{readPreference=primary, writeConcern=WriteConcern{w=null, wTimeout=null ms, journal=null}, retryWrites=true, retryReads=true, readConcern=ReadConcern{level=null}, credential=null, streamFactoryFactory=null, commandListeners=[], codecRegistry=ProvidersCodecRegistry{codecProviders=[ValueCodecProvider{}, BsonValueCodecProvider{}, DBRefCodecProvider{}, DBObjectCodecProvider{}, DocumentCodecProvider{}, IterableCodecProvider{}, MapCodecProvider{}, GeoJsonCodecProvider{}, GridFSFileCodecProvider{}, Jsr310CodecProvider{}, JsonObjectCodecProvider{}, BsonCodecProvider{}, EnumCodecProvider{}, com.mongodb.Jep395RecordCodecProvider@1c05c50f]}, clusterSettings={hosts=[localhost:27017], srvServiceName=mongodb, mode=SINGLE, requiredClusterType=UNKNOWN, requiredReplicaSetName='null', serverSelector='null', clusterListeners='[]', serverSelectionTimeout='30000 ms', localThreshold='30000 ms'}, socketSettings=SocketSettings{connectTimeoutMS=10000, readTimeoutMS=0, receiveBufferSize=0, sendBufferSize=0}, heartbeatSocketSettings=SocketSettings{connectTimeoutMS=10000, readTimeoutMS=10000, receiveBufferSize=0, sendBufferSize=0}, connectionPoolSettings=ConnectionPoolSettings{maxSize=100, minSize=0, maxWaitTimeMS=120000, maxConnectionLifeTimeMS=0, maxConnectionIdleTimeMS=0, maintenanceInitialDelayMS=0, maintenanceFrequencyMS=60000, connectionPoolListeners=[], maxConnecting=2}, serverSettings=ServerSettings{heartbeatFrequencyMS=10000, minHeartbeatFrequencyMS=500, serverListeners='[]', serverMonitorListeners='[]'}, sslSettings=SslSettings{enabled=false, invalidHostNameAllowed=false, context=null}, applicationName='null', compressorList=[], uuidRepresentation=JAVA_LEGACY, serverApi=null, autoEncryptionSettings=null, contextProvider=null}
2022-12-10 13:13:29,739 [WARN] org.springframework.data.convert.CustomConversions[1.] [restartedMain]Registering converter from class java.time.LocalDateTime to class org.joda.time.LocalDateTime as reading converter although it doesn't convert from a store-supported type; You might want to check your annotation setup at the converter implementation
2022-12-10 13:13:29,739 [INFO] org.mongodb.driver.connection[1.] [cluster-rtt-ClusterId{value='639438a1defd6b4337c68c78', description='null'}-localhost:27017]Opened connection [connectionId{localValue:5, serverValue:20}] to localhost:27017
2022-12-10 13:13:29,740 [INFO] org.mongodb.driver.connection[1.] [cluster-ClusterId{value='639438a1defd6b4337c68c78', description='null'}-localhost:27017]Opened connection [connectionId{localValue:4, serverValue:21}] to localhost:27017
2022-12-10 13:13:29,740 [INFO] org.mongodb.driver.cluster[1.] [cluster-ClusterId{value='639438a1defd6b4337c68c78', description='null'}-localhost:27017]Monitor thread successfully connected to server with description ServerDescription{address=localhost:27017, type=STANDALONE, state=CONNECTED, ok=true, minWireVersion=0, maxWireVersion=8, maxDocumentSize=16777216, logicalSessionTimeoutMinutes=30, roundTripTimeNanos=4174700}
2022-12-10 13:13:29,753 [WARN] org.springframework.boot.devtools.autoconfigure.OptionalLiveReloadServer[1.] [restartedMain]Unable to start LiveReload server
2022-12-10 13:13:29,762 [WARN] org.springframework.data.convert.CustomConversions[1.] [restartedMain]Registering converter from class java.time.LocalDateTime to class org.joda.time.LocalDateTime as reading converter although it doesn't convert from a store-supported type; You might want to check your annotation setup at the converter implementation
2022-12-10 13:13:29,840 [INFO] springfox.documentation.spring.web.PropertySourcedRequestMappingHandlerMapping[1.] [restartedMain]Mapped URL path [/v2/api-docs] onto method [springfox.documentation.swagger2.web.Swagger2Controller#getDocumentation(String, HttpServletRequest)]
2022-12-10 13:13:29,986 [INFO] org.springframework.cloud.netflix.eureka.config.DiscoveryClientOptionalArgsConfiguration[1.] [restartedMain]Eureka HTTP Client uses RestTemplate.
2022-12-10 13:13:30,096 [WARN] org.springframework.cloud.loadbalancer.config.LoadBalancerCacheAutoConfiguration$LoadBalancerCaffeineWarnLogger[1.] [restartedMain]Spring Cloud LoadBalancer is currently working with the default cache. While this cache implementation is useful for development and tests, it's recommended to use Caffeine cache in production.You can switch to using Caffeine cache, by adding it and org.springframework.cache.caffeine.CaffeineCacheManager to the classpath.
2022-12-10 13:13:30,115 [INFO] org.springframework.cloud.netflix.eureka.InstanceInfoFactory[1.] [restartedMain]Setting initial instance status as: STARTING
2022-12-10 13:13:30,117 [INFO] com.netflix.discovery.DiscoveryClient[1.] [restartedMain]Initializing Eureka in region us-east-1
2022-12-10 13:13:30,118 [INFO] com.netflix.discovery.shared.resolver.aws.ConfigClusterResolver[1.] [restartedMain]Resolving eureka endpoints via configuration
2022-12-10 13:13:30,120 [INFO] com.netflix.discovery.DiscoveryClient[1.] [restartedMain]Disable delta property : false
2022-12-10 13:13:30,120 [INFO] com.netflix.discovery.DiscoveryClient[1.] [restartedMain]Single vip registry refresh property : null
2022-12-10 13:13:30,120 [INFO] com.netflix.discovery.DiscoveryClient[1.] [restartedMain]Force full registry fetch : false
2022-12-10 13:13:30,120 [INFO] com.netflix.discovery.DiscoveryClient[1.] [restartedMain]Application is null : false
2022-12-10 13:13:30,120 [INFO] com.netflix.discovery.DiscoveryClient[1.] [restartedMain]Registered Applications size is zero : true
2022-12-10 13:13:30,120 [INFO] com.netflix.discovery.DiscoveryClient[1.] [restartedMain]Application version is -1: true
2022-12-10 13:13:30,120 [INFO] com.netflix.discovery.DiscoveryClient[1.] [restartedMain]Getting all instance registry info from the eureka server
2022-12-10 13:13:30,134 [INFO] com.netflix.discovery.DiscoveryClient[1.] [restartedMain]The response status is 200
2022-12-10 13:13:30,136 [INFO] com.netflix.discovery.DiscoveryClient[1.] [restartedMain]Starting heartbeat executor: renew interval is: 30
2022-12-10 13:13:30,137 [INFO] com.netflix.discovery.InstanceInfoReplicator[1.] [restartedMain]InstanceInfoReplicator onDemand update allowed rate per min is 4
2022-12-10 13:13:30,139 [INFO] com.netflix.discovery.DiscoveryClient[1.] [restartedMain]Discovery Client initialized at timestamp 1670658210139 with initial instances count: 3
2022-12-10 13:13:30,141 [INFO] org.springframework.cloud.netflix.eureka.serviceregistry.EurekaServiceRegistry[1.] [restartedMain]Registering application CROPPRODUCT with eureka with status UP
2022-12-10 13:13:30,141 [INFO] com.netflix.discovery.DiscoveryClient[1.] [restartedMain]Saw local status change event StatusChangeEvent [timestamp=1670658210141, current=UP, previous=STARTING]
2022-12-10 13:13:30,141 [INFO] com.netflix.discovery.DiscoveryClient[1.] [DiscoveryClient-InstanceInfoReplicator-0]DiscoveryClient_CROPPRODUCT/INLEN8520051861.corp.capgemini.com:CropProduct:8535: registering service...
2022-12-10 13:13:30,148 [INFO] org.springframework.boot.web.embedded.tomcat.TomcatWebServer[1.] [restartedMain]Tomcat started on port(s): 8535 (http) with context path ''
2022-12-10 13:13:30,149 [INFO] org.springframework.cloud.netflix.eureka.serviceregistry.EurekaAutoServiceRegistration[1.] [restartedMain]Updating port to 8535
2022-12-10 13:13:30,152 [INFO] com.netflix.discovery.DiscoveryClient[1.] [DiscoveryClient-InstanceInfoReplicator-0]DiscoveryClient_CROPPRODUCT/INLEN8520051861.corp.capgemini.com:CropProduct:8535 - registration status: 204
2022-12-10 13:13:30,251 [INFO] springfox.documentation.spring.web.plugins.DocumentationPluginsBootstrapper[1.] [restartedMain]Context refreshed
2022-12-10 13:13:30,252 [INFO] springfox.documentation.spring.web.plugins.DocumentationPluginsBootstrapper[1.] [restartedMain]Found 1 custom documentation plugin(s)
2022-12-10 13:13:30,255 [INFO] springfox.documentation.spring.web.scanners.ApiListingReferenceScanner[1.] [restartedMain]Scanning for api listing references
2022-12-10 13:13:30,281 [INFO] com.cropfield.project.CropfieldApplication[1.] [restartedMain]Started CropfieldApplication in 1.007 seconds (JVM running for 2959.669)
2022-12-10 13:13:30,285 [INFO] org.springframework.boot.devtools.autoconfigure.ConditionEvaluationDeltaLoggingListener[1.] [restartedMain]Condition evaluation unchanged
2022-12-10 13:13:53,477 [INFO] org.springframework.boot.devtools.autoconfigure.LocalDevToolsAutoConfiguration$RestartingClassPathChangeChangedEventListener[1.] [File Watcher]Restarting due to 1 class path change (1 addition, 0 deletions, 0 modifications)
2022-12-10 13:13:53,478 [INFO] org.springframework.cloud.netflix.eureka.serviceregistry.EurekaServiceRegistry[1.] [Thread-7]Unregistering application CROPPRODUCT with eureka with status DOWN
2022-12-10 13:13:53,479 [INFO] com.netflix.discovery.DiscoveryClient[1.] [Thread-7]Saw local status change event StatusChangeEvent [timestamp=1670658233479, current=DOWN, previous=UP]
2022-12-10 13:13:53,479 [INFO] com.netflix.discovery.DiscoveryClient[1.] [DiscoveryClient-InstanceInfoReplicator-0]DiscoveryClient_CROPPRODUCT/INLEN8520051861.corp.capgemini.com:CropProduct:8535: registering service...
2022-12-10 13:13:53,484 [INFO] com.netflix.discovery.DiscoveryClient[1.] [DiscoveryClient-InstanceInfoReplicator-0]DiscoveryClient_CROPPRODUCT/INLEN8520051861.corp.capgemini.com:CropProduct:8535 - registration status: 204
2022-12-10 13:13:53,495 [INFO] org.apache.catalina.core.StandardService[1.] [Thread-7]Stopping service [Tomcat]
2022-12-10 13:13:53,500 [INFO] com.netflix.discovery.DiscoveryClient[1.] [Thread-7]Shutting down DiscoveryClient ...
2022-12-10 13:13:56,502 [INFO] com.netflix.discovery.DiscoveryClient[1.] [Thread-7]Unregistering ...
2022-12-10 13:13:56,507 [INFO] com.netflix.discovery.DiscoveryClient[1.] [Thread-7]DiscoveryClient_CROPPRODUCT/INLEN8520051861.corp.capgemini.com:CropProduct:8535 - deregister  status: 200
2022-12-10 13:13:56,513 [INFO] com.netflix.discovery.DiscoveryClient[1.] [Thread-7]Completed shut down of DiscoveryClient
